<?xml version="1.0" encoding="UTF-8"?>
<!-- Generated by org.testng.reporters.JUnitReportReporter -->
<testsuite hostname="priya-0711k" failures="0" tests="1" name="testcases.VerifyMenubar" time="12.907" errors="0" timestamp="2023-03-28T19:39:55 IST" skipped="0">
  <testcase classname="testcases.VerifyMenubar" name="Menubar" time="12.907"/>
  <system-out/>
</testsuite> <!-- testcases.VerifyMenubar -->
