<?xml version="1.0" encoding="UTF-8"?>
<!-- Generated by org.testng.reporters.JUnitReportReporter -->
<testsuite hostname="priya-0711k" failures="0" tests="1" name="testcases.VerifyFooter" time="14.841" errors="0" timestamp="2023-03-14T13:39:21 IST" skipped="0">
  <testcase classname="testcases.VerifyFooter" name="footer" time="14.841"/>
  <system-out/>
</testsuite> <!-- testcases.VerifyFooter -->
