<?xml version="1.0" encoding="UTF-8"?>
<!-- Generated by org.testng.reporters.JUnitReportReporter -->
<testsuite hostname="priya-0711k" failures="0" tests="1" name="testcases.Verify_Cart" time="12.343" errors="0" timestamp="2023-03-14T13:39:21 IST" skipped="0">
  <testcase classname="testcases.Verify_Cart" name="cart" time="12.343"/>
  <system-out/>
</testsuite> <!-- testcases.Verify_Cart -->
