<?xml version="1.0" encoding="UTF-8"?>
<!-- Generated by org.testng.reporters.JUnitReportReporter -->
<testsuite hostname="priya-0711k" failures="0" tests="1" name="testcases.VerifyHeaderr" time="23.441" errors="0" timestamp="2023-03-28T19:39:55 IST" skipped="0">
  <testcase classname="testcases.VerifyHeaderr" name="Header" time="23.441"/>
  <system-out/>
</testsuite> <!-- testcases.VerifyHeaderr -->
