<?xml version="1.0" encoding="UTF-8"?>
<!-- Generated by org.testng.reporters.JUnitReportReporter -->
<testsuite hostname="priya-0711k" failures="0" tests="1" name="testcases.VerifyHeaderr" time="21.535" errors="0" timestamp="2023-03-29T11:43:34 IST" skipped="0">
  <testcase classname="testcases.VerifyHeaderr" name="Header" time="21.535"/>
  <system-out/>
</testsuite> <!-- testcases.VerifyHeaderr -->
