<?xml version="1.0" encoding="UTF-8"?>
<!-- Generated by org.testng.reporters.JUnitReportReporter -->
<testsuite hostname="priya-0711k" failures="0" tests="1" name="testcases.VerifyMenubar" time="13.351" errors="0" timestamp="2023-03-14T13:39:21 IST" skipped="0">
  <testcase classname="testcases.VerifyMenubar" name="Menubar" time="13.351"/>
  <system-out/>
</testsuite> <!-- testcases.VerifyMenubar -->
