<?xml version="1.0" encoding="UTF-8"?>
<!-- Generated by org.testng.reporters.JUnitReportReporter -->
<testsuite hostname="priya-0711k" failures="0" tests="1" name="testcases.VerifyFooter" time="13.312" errors="0" timestamp="2023-03-28T19:39:55 IST" skipped="0">
  <testcase classname="testcases.VerifyFooter" name="footer" time="13.312"/>
  <system-out/>
</testsuite> <!-- testcases.VerifyFooter -->
