<?xml version="1.0" encoding="UTF-8"?>
<!-- Generated by org.testng.reporters.JUnitReportReporter -->
<testsuite hostname="priya-0711k" failures="0" tests="1" name="testcases.VerifyHeaderr" time="26.039" errors="0" timestamp="2023-03-28T18:37:57 IST" skipped="0">
  <testcase classname="testcases.VerifyHeaderr" name="Header" time="26.039"/>
  <system-out/>
</testsuite> <!-- testcases.VerifyHeaderr -->
