<?xml version="1.0" encoding="UTF-8"?>
<!-- Generated by org.testng.reporters.JUnitReportReporter -->
<testsuite hostname="priya-0711k" failures="0" tests="1" name="testcases.VerifyFooter" time="78.215" errors="0" timestamp="2023-03-28T18:37:57 IST" skipped="0">
  <testcase classname="testcases.VerifyFooter" name="footer" time="78.215"/>
  <system-out/>
</testsuite> <!-- testcases.VerifyFooter -->
